<?xml version="1.0" encoding="UTF-8"?>
<!-- Generated by org.testng.reporters.JUnitXMLReporter -->
<testsuite ignored="0" hostname="LAPTOP-9I85TTL0" failures="0" tests="6" name="Default test" time="43.418" errors="0" timestamp="2022-01-31T21:42:05 SAST">
  <testcase classname="selenium_assessment.OrangeHrm" name="verify_title" time="0.02"/>
  <testcase classname="selenium_assessment.OrangeHrm" name="login" time="26.244"/>
  <testcase classname="selenium_assessment.OrangeHrm" name="modulAdmin" time="7.448"/>
  <testcase classname="selenium_assessment.OrangeHrm" name="addbtn" time="3.285"/>
  <testcase classname="selenium_assessment.OrangeHrm" name="add_employee" time="0.657"/>
  <testcase classname="selenium_assessment.OrangeHrm" name="search_employe" time="5.729"/>
</testsuite> <!-- Default test -->
